<!DOCTYPE html>
<html lang="en">
<head>
<title>#4ABK - Spec Example 7.17. Flow Mapping Separate Values - YAML Test Matrix</title>
<meta charset='utf-8'>
<link rel="stylesheet" type="text/css" href="../css/yaml.css">
<link rel="stylesheet" type="text/css" href="../css/matrix.css">
<link rel="icon" type="image/x-icon" href="http://www.yaml.io/favicon.ico">
</head>
<body>

<h1><a href="../index.html"><tt># YAML Test Matrix</tt></a></h1>
<h2><tt>--- <a
href="https://github.com/yaml/yaml-test-suite/blob/master/test/4ABK.tml">&test-4ABK</a><br>
&nbsp;&nbsp;Title: Spec Example 7.17. Flow Mapping Separate Values</br>
&nbsp;&nbsp;Tags: [ empty-key, flow, mapping, spec ]</tt></h2>

<div class="framework" id="yaml"><h3><a href="#yaml">YAML</a></h3><pre>{
unquoted : &quot;separate&quot;,
http://foo.com,
omitted value:,
: omitted key,
}
</pre></div>
<div class="framework" id="events"><h3><a href="#events">Expected Events</a></h3><pre>+STR
+DOC
+MAP
=VAL :unquoted
=VAL &quot;separate
=VAL :http://foo.com
=VAL :
=VAL :omitted value
=VAL :
=VAL :
=VAL :omitted key
-MAP
-DOC
-STR
</pre></div>
<div class="framework" id="json"><h3><a href="#json">Expected JSON</a></h3>
<pre></pre>
</div>
<hr style="clear: both;">
   <div class="framework framework_box_ok" id="c-libfyaml-event">
<h3><a href="#c-libfyaml-event">c-libfyaml-event</a></h3>
<span class="status_box color_ok">&nbsp;</span>ok   </div>


  <div class="framework framework_box_ok" id="cpp-yamlcpp-event">
<h3><a href="#cpp-yamlcpp-event">cpp-yamlcpp-event</a></h3>
<span class="status_box color_ok">&nbsp;</span>ok   </div>


  <div class="framework framework_box_ok" id="dotnet-yamldotnet-event">
<h3><a href="#dotnet-yamldotnet-event">dotnet-yamldotnet-event</a></h3>
<span class="status_box color_ok">&nbsp;</span>ok   </div>


  <div class="framework framework_box_ok" id="hs-hsyaml-event">
<h3><a href="#hs-hsyaml-event">hs-hsyaml-event</a></h3>
<span class="status_box color_ok">&nbsp;</span>ok   </div>


  <div class="framework framework_box_ok" id="js-yaml-event">
<h3><a href="#js-yaml-event">js-yaml-event</a></h3>
<span class="status_box color_ok">&nbsp;</span>ok   </div>


  <div class="framework framework_box_ok" id="nim-nimyaml-event">
<h3><a href="#nim-nimyaml-event">nim-nimyaml-event</a></h3>
<span class="status_box color_ok">&nbsp;</span>ok   </div>


  <div class="framework framework_box_ok" id="perl-pp-event">
<h3><a href="#perl-pp-event">perl-pp-event</a></h3>
<span class="status_box color_ok">&nbsp;</span>ok   </div>


 <hr style="clear: both;">       <div class="framework framework_box_diff" id="py-ruamel-event">
<h3><a href="#py-ruamel-event">py-ruamel-event</a></h3>
<span class="status_box color_diff">&nbsp;</span>diff <br>

  Got Events:
<pre><span
class="">+STR</span>
<span
class="">+DOC</span>
<span
class="">+MAP</span>
<span
class="">=VAL :unquoted</span>
<span
class="">=VAL &quot;separate</span>
<span
class="">=VAL :http://foo.com</span>
<span
class="">=VAL :</span>
<span
class="diff_line">=VAL :omitted value:</span>
<span
class="">=VAL :</span>
<span
class="">=VAL :</span>
<span
class="">=VAL :omitted key</span>
<span
class="">-MAP</span>
<span
class="">-DOC</span>
<span
class="">-STR</span>
</pre>

 </div>


 <hr style="clear: both;">       <div class="framework framework_box_error" id="perl-syck-perl">
<h3><a href="#perl-syck-perl">perl-syck-perl</a></h3>
<span class="status_box color_error">&nbsp;</span>error <pre>Syck parser (line 5, column 1): syntax error at /perl5/lib/perl5/x86_64-linux-thread-multi/YAML/Syck.pm line 60, &lt;&gt; line 1.
</pre>
 </div>


  <div class="framework framework_box_error" id="perl-yaml-perl">
<h3><a href="#perl-yaml-perl">perl-yaml-perl</a></h3>
<span class="status_box color_error">&nbsp;</span>error <pre>YAML Error: Expected separator &#39;---&#39;
   Code: YAML_PARSE_ERR_NO_SEPARATOR
   Line: 1
   Document: 2
 at /perl5/lib/perl5/YAML/Loader.pm line 88.
</pre>
 </div>


 <hr style="clear: both;">    <div class="framework framework_box_na" id="c-libfyaml-json">
<h3><a href="#c-libfyaml-json">c-libfyaml-json</a></h3>
<span class="status_box color_na">&nbsp;</span>na  <pre>{
  &quot;unquoted&quot;: &quot;separate&quot;,
  &quot;http://foo.com&quot;: null,
  &quot;omitted value&quot;: null,
  &quot;&quot;: &quot;omitted key&quot;
}
</pre>

 </div>


  <div class="framework framework_box_na" id="dotnet-yamldotnet-json">
<h3><a href="#dotnet-yamldotnet-json">dotnet-yamldotnet-json</a></h3>
<span class="status_box color_na">&nbsp;</span>na  <pre>Unhandled exception. YamlDotNet.Core.YamlException: (Line: 1, Col: 1, Idx: 0) - (Line: 1, Col: 1, Idx: 0): Exception during deserialization
 ---&gt; System.ArgumentNullException: Value cannot be null. (Parameter &#39;key&#39;)
   at System.Collections.Generic.Dictionary`2.System.Collections.IDictionary.set_Item(Object key, Object value)
   at YamlDotNet.Serialization.NodeDeserializers.DictionaryNodeDeserializer.DeserializeHelper(Type tKey, Type tValue, IParser parser, Func`3 nestedObjectDeserializer, IDictionary result)
   at YamlDotNet.Serialization.NodeDeserializers.DictionaryNodeDeserializer.YamlDotNet.Serialization.INodeDeserializer.Deserialize(IParser parser, Type expectedType, Func`3 nestedObjectDeserializer, Object&amp; value)
   at YamlDotNet.Serialization.ValueDeserializers.NodeValueDeserializer.DeserializeValue(IParser parser, Type expectedType, SerializerState state, IValueDeserializer nestedObjectDeserializer)
   --- End of inner exception stack trace ---
   at YamlDotNet.Serialization.ValueDeserializers.NodeValueDeserializer.DeserializeValue(IParser parser, Type expectedType, SerializerState state, IValueDeserializer nestedObjectDeserializer)
   at YamlDotNet.Serialization.ValueDeserializers.AliasValueDeserializer.DeserializeValue(IParser parser, Type expectedType, SerializerState state, IValueDeserializer nestedObjectDeserializer)
   at YamlDotNet.Serialization.Deserializer.Deserialize(IParser parser, Type type)
   at YamlDotNet.Serialization.Deserializer.Deserialize(TextReader input, Type type)
   at YamlDotNet.Serialization.Deserializer.Deserialize(TextReader input)
   at Program.Main(String[] commandLineArguments)
Aborted (core dumped)
</pre>

 </div>


  <div class="framework framework_box_na" id="hs-hsyaml-json">
<h3><a href="#hs-hsyaml-json">hs-hsyaml-json</a></h3>
<span class="status_box color_na">&nbsp;</span>na  <pre>{&quot;&quot;:&quot;omitted key&quot;,&quot;http://foo.com&quot;:null,&quot;omitted value&quot;:null,&quot;unquoted&quot;:&quot;separate&quot;}
</pre>

 </div>


  <div class="framework framework_box_na" id="java-snakeyaml-json">
<h3><a href="#java-snakeyaml-json">java-snakeyaml-json</a></h3>
<span class="status_box color_na">&nbsp;</span>na  <pre>Exception in thread &quot;main&quot; while parsing a flow node
 in &#39;reader&#39;, line 5, column 1:
    : omitted key,
    ^
expected the node content, but found &#39;:&#39;
 in &#39;reader&#39;, line 5, column 1:
    : omitted key,
    ^

	at org.yaml.snakeyaml.parser.ParserImpl.parseNode(ParserImpl.java:482)
	at org.yaml.snakeyaml.parser.ParserImpl.parseFlowNode(ParserImpl.java:364)
	at org.yaml.snakeyaml.parser.ParserImpl.access$2400(ParserImpl.java:117)
	at org.yaml.snakeyaml.parser.ParserImpl$ParseFlowMappingKey.produce(ParserImpl.java:747)
	at org.yaml.snakeyaml.parser.ParserImpl.peekEvent(ParserImpl.java:158)
	at org.yaml.snakeyaml.parser.ParserImpl.checkEvent(ParserImpl.java:148)
	at org.yaml.snakeyaml.composer.Composer.composeMappingNode(Composer.java:235)
	at org.yaml.snakeyaml.composer.Composer.composeNode(Composer.java:162)
	at org.yaml.snakeyaml.composer.Composer.getNode(Composer.java:95)
	at org.yaml.snakeyaml.constructor.BaseConstructor.getData(BaseConstructor.java:134)
	at org.yaml.snakeyaml.Yaml$1.next(Yaml.java:494)
	at org.yaml.editor.Snake2Json.yamlToJson(Snake2Json.java:18)
	at org.yaml.editor.Snake2Json.main(Snake2Json.java:25)
</pre>

 </div>


  <div class="framework framework_box_na" id="js-jsyaml-json">
<h3><a href="#js-jsyaml-json">js-jsyaml-json</a></h3>
<span class="status_box color_na">&nbsp;</span>na  <pre>{&quot;unquoted&quot;:&quot;separate&quot;,&quot;http://foo.com&quot;:null,&quot;omitted value&quot;:null,&quot;null&quot;:&quot;omitted key&quot;}
</pre>

 </div>


  <div class="framework framework_box_na" id="js-yaml-json">
<h3><a href="#js-yaml-json">js-yaml-json</a></h3>
<span class="status_box color_na">&nbsp;</span>na  <pre>{
  &quot;unquoted&quot;: &quot;separate&quot;,
  &quot;http://foo.com&quot;: null,
  &quot;omitted value&quot;: null,
  &quot;&quot;: &quot;omitted key&quot;
}
</pre>

 </div>


  <div class="framework framework_box_na" id="lua-lyaml-json">
<h3><a href="#lua-lyaml-json">lua-lyaml-json</a></h3>
<span class="status_box color_na">&nbsp;</span>na  <pre>luajit: 3:15: found unexpected &#39;:&#39;
stack traceback:
	[C]: in function &#39;error&#39;
	/usr/local/share/lua/5.1/lyaml/init.lua:291: in function &#39;error&#39;
	/usr/local/share/lua/5.1/lyaml/init.lua:310: in function &#39;parse&#39;
	/usr/local/share/lua/5.1/lyaml/init.lua:428: in function &#39;load_node&#39;
	/usr/local/share/lua/5.1/lyaml/init.lua:325: in function &#39;load_node&#39;
	/usr/local/share/lua/5.1/lyaml/init.lua:482: in function &#39;load&#39;
	/yaml/bin/lua-lyaml-json:6: in main chunk
	[C]: at 0x555993672f97
</pre>

 </div>


  <div class="framework framework_box_na" id="perl-pp-json">
<h3><a href="#perl-pp-json">perl-pp-json</a></h3>
<span class="status_box color_na">&nbsp;</span>na  <pre>{
   &quot;&quot; : &quot;omitted key&quot;,
   &quot;http://foo.com&quot; : null,
   &quot;omitted value&quot; : null,
   &quot;unquoted&quot; : &quot;separate&quot;
}
</pre>

 </div>


  <div class="framework framework_box_na" id="perl-pp-perl">
<h3><a href="#perl-pp-perl">perl-pp-perl</a></h3>
<span class="status_box color_na">&nbsp;</span>na  <pre>{
  &#39;&#39; =&gt; &#39;omitted key&#39;,
  &#39;http://foo.com&#39; =&gt; undef,
  &#39;omitted value&#39; =&gt; undef,
  &#39;unquoted&#39; =&gt; &#39;separate&#39;
}
</pre>

 </div>


  <div class="framework framework_box_na" id="perl-pplibyaml-json">
<h3><a href="#perl-pplibyaml-json">perl-pplibyaml-json</a></h3>
<span class="status_box color_na">&nbsp;</span>na  <pre>YAML::PP::LibYAML Error: The problem:

    found unexpected &#39;:&#39;

was found at , line: 4, column: 14
while scanning a plain scalar at line: 4, column: 1
</pre>

 </div>


  <div class="framework framework_box_na" id="perl-syck-json">
<h3><a href="#perl-syck-json">perl-syck-json</a></h3>
<span class="status_box color_na">&nbsp;</span>na  <pre>Syck parser (line 5, column 1): syntax error at /perl5/lib/perl5/x86_64-linux-thread-multi/YAML/Syck.pm line 60, &lt;&gt; line 1.
</pre>

 </div>


  <div class="framework framework_box_na" id="perl-tiny-json">
<h3><a href="#perl-tiny-json">perl-tiny-json</a></h3>
<span class="status_box color_na">&nbsp;</span>na  <pre>YAML::Tiny failed to classify line &#39;{&#39; at /yaml/bin/perl-tiny-json line 12.
</pre>

 </div>


  <div class="framework framework_box_na" id="perl-xs-json">
<h3><a href="#perl-xs-json">perl-xs-json</a></h3>
<span class="status_box color_na">&nbsp;</span>na  <pre>YAML::XS::Load Error: The problem:

    found unexpected &#39;:&#39;

was found at document: 1, line: 4, column: 14
while scanning a plain scalar at line: 4, column: 1
</pre>

 </div>


  <div class="framework framework_box_na" id="perl-yaml-json">
<h3><a href="#perl-yaml-json">perl-yaml-json</a></h3>
<span class="status_box color_na">&nbsp;</span>na  <pre>YAML Error: Expected separator &#39;---&#39;
   Code: YAML_PARSE_ERR_NO_SEPARATOR
   Line: 1
   Document: 2
 at /perl5/lib/perl5/YAML/Loader.pm line 88.
</pre>

 </div>


  <div class="framework framework_box_na" id="py-pyyaml-json">
<h3><a href="#py-pyyaml-json">py-pyyaml-json</a></h3>
<span class="status_box color_na">&nbsp;</span>na  <pre>Traceback (most recent call last):
  File &quot;/yaml/bin/py-pyyaml-json&quot;, line 19, in &lt;module&gt;
    for doc in yaml.load_all(sys.stdin.read(), Loader=yaml.FullLoader):
  File &quot;/python/lib/python3.7/site-packages/yaml/__init__.py&quot;, line 130, in load_all
    yield loader.get_data()
  File &quot;/python/lib/python3.7/site-packages/yaml/constructor.py&quot;, line 45, in get_data
    return self.construct_document(self.get_node())
  File &quot;/python/lib/python3.7/site-packages/yaml/composer.py&quot;, line 27, in get_node
    return self.compose_document()
  File &quot;/python/lib/python3.7/site-packages/yaml/composer.py&quot;, line 55, in compose_document
    node = self.compose_node(None, None)
  File &quot;/python/lib/python3.7/site-packages/yaml/composer.py&quot;, line 84, in compose_node
    node = self.compose_mapping_node(anchor)
  File &quot;/python/lib/python3.7/site-packages/yaml/composer.py&quot;, line 127, in compose_mapping_node
    while not self.check_event(MappingEndEvent):
  File &quot;/python/lib/python3.7/site-packages/yaml/parser.py&quot;, line 98, in check_event
    self.current_event = self.state()
  File &quot;/python/lib/python3.7/site-packages/yaml/parser.py&quot;, line 562, in parse_flow_mapping_key
    return self.parse_flow_node()
  File &quot;/python/lib/python3.7/site-packages/yaml/parser.py&quot;, line 268, in parse_flow_node
    return self.parse_node()
  File &quot;/python/lib/python3.7/site-packages/yaml/parser.py&quot;, line 371, in parse_node
    token.start_mark)
yaml.parser.ParserError: while parsing a flow node
expected the node content, but found &#39;:&#39;
  in &quot;&lt;unicode string&gt;&quot;, line 5, column 1:
    : omitted key,
    ^
</pre>

 </div>


  <div class="framework framework_box_na" id="py-ruamel-json">
<h3><a href="#py-ruamel-json">py-ruamel-json</a></h3>
<span class="status_box color_na">&nbsp;</span>na  <pre>Error json.dumps: &lt;class &#39;TypeError&#39;&gt;
Traceback (most recent call last):
  File &quot;/yaml/bin/py-ruamel-json&quot;, line 21, in &lt;module&gt;
    print(json.dumps(doc, sort_keys=True, skipkeys=True, indent=2))
  File &quot;/usr/lib/python3.7/json/__init__.py&quot;, line 238, in dumps
    **kw).encode(obj)
  File &quot;/usr/lib/python3.7/json/encoder.py&quot;, line 201, in encode
    chunks = list(chunks)
  File &quot;/usr/lib/python3.7/json/encoder.py&quot;, line 431, in _iterencode
    yield from _iterencode_dict(o, _current_indent_level)
  File &quot;/usr/lib/python3.7/json/encoder.py&quot;, line 353, in _iterencode_dict
    items = sorted(dct.items(), key=lambda kv: kv[0])
TypeError: &#39;&lt;&#39; not supported between instances of &#39;NoneType&#39; and &#39;str&#39;
</pre>

 </div>


  <div class="framework framework_box_na" id="py-ruamel-py">
<h3><a href="#py-ruamel-py">py-ruamel-py</a></h3>
<span class="status_box color_na">&nbsp;</span>na  <pre>{None: &#39;omitted key&#39;,
 &#39;http://foo.com&#39;: None,
 &#39;omitted value:&#39;: None,
 &#39;unquoted&#39;: &#39;separate&#39;}
</pre>

 </div>


  <div class="framework framework_box_na" id="ruby-psych-json">
<h3><a href="#ruby-psych-json">ruby-psych-json</a></h3>
<span class="status_box color_na">&nbsp;</span>na  <pre>/usr/lib/ruby/2.5.0/psych.rb:405:in `parse&#39;: (&lt;unknown&gt;): found unexpected &#39;:&#39; while scanning a plain scalar at line 4 column 1 (Psych::SyntaxError)
	from /usr/lib/ruby/2.5.0/psych.rb:405:in `parse_stream&#39;
	from /usr/lib/ruby/2.5.0/psych.rb:488:in `load_stream&#39;
	from /yaml/bin/ruby-psych-json:6:in `&lt;main&gt;&#39;
</pre>

 </div>


 <hr style="clear: both;">    <div class="framework framework_box_ni" id="c-libyaml-event">
<h3><a href="#c-libyaml-event">c-libyaml-event</a></h3>
<span class="status_box color_ni">&nbsp;</span>ni <pre>+STR
+DOC
+MAP
=VAL :unquoted
=VAL &quot;separate
=VAL :http://foo.com
=VAL :
Parse error: found unexpected &#39;:&#39;
</pre>
 </div>


  <div class="framework framework_box_ni" id="java-snakeyaml-event">
<h3><a href="#java-snakeyaml-event">java-snakeyaml-event</a></h3>
<span class="status_box color_ni">&nbsp;</span>ni <pre>Exception in thread &quot;main&quot; while parsing a flow node
 in &#39;reader&#39;, line 5, column 1:
    : omitted key,
    ^
expected the node content, but found &#39;:&#39;
 in &#39;reader&#39;, line 5, column 1:
    : omitted key,
    ^

	at org.yaml.snakeyaml.parser.ParserImpl.parseNode(ParserImpl.java:482)
	at org.yaml.snakeyaml.parser.ParserImpl.parseFlowNode(ParserImpl.java:364)
	at org.yaml.snakeyaml.parser.ParserImpl.access$2400(ParserImpl.java:117)
	at org.yaml.snakeyaml.parser.ParserImpl$ParseFlowMappingKey.produce(ParserImpl.java:747)
	at org.yaml.snakeyaml.parser.ParserImpl.peekEvent(ParserImpl.java:158)
	at org.yaml.snakeyaml.Yaml$3.hasNext(Yaml.java:654)
	at org.yaml.editor.Snake2Events.yamlToEvents(Snake2Events.java:111)
	at org.yaml.editor.Snake2Events.main(Snake2Events.java:119)
</pre>
 </div>


  <div class="framework framework_box_ni" id="perl-pplibyaml-event">
<h3><a href="#perl-pplibyaml-event">perl-pplibyaml-event</a></h3>
<span class="status_box color_ni">&nbsp;</span>ni <pre>YAML::PP::LibYAML Error: The problem:

    found unexpected &#39;:&#39;

was found at , line: 4, column: 14
while scanning a plain scalar at line: 4, column: 1
</pre>
 </div>


  <div class="framework framework_box_ni" id="perl-pplibyaml-perl">
<h3><a href="#perl-pplibyaml-perl">perl-pplibyaml-perl</a></h3>
<span class="status_box color_ni">&nbsp;</span>ni <pre>YAML::PP::LibYAML Error: The problem:

    found unexpected &#39;:&#39;

was found at , line: 4, column: 14
while scanning a plain scalar at line: 4, column: 1
</pre>
 </div>


  <div class="framework framework_box_ni" id="perl-tiny-perl">
<h3><a href="#perl-tiny-perl">perl-tiny-perl</a></h3>
<span class="status_box color_ni">&nbsp;</span>ni <pre>YAML::Tiny failed to classify line &#39;{&#39; at /yaml/bin/perl-tiny-perl line 15.
</pre>
 </div>


  <div class="framework framework_box_ni" id="perl-xs-perl">
<h3><a href="#perl-xs-perl">perl-xs-perl</a></h3>
<span class="status_box color_ni">&nbsp;</span>ni <pre>YAML::XS::Load Error: The problem:

    found unexpected &#39;:&#39;

was found at document: 1, line: 4, column: 14
while scanning a plain scalar at line: 4, column: 1
</pre>
 </div>


  <div class="framework framework_box_ni" id="py-pyyaml-event">
<h3><a href="#py-pyyaml-event">py-pyyaml-event</a></h3>
<span class="status_box color_ni">&nbsp;</span>ni <pre>+STR
+DOC
+MAP
=VAL :unquoted
=VAL &quot;separate
=VAL :http://foo.com
=VAL :
=VAL :omitted value
=VAL :
Traceback (most recent call last):
  File &quot;/yaml/bin/py-pyyaml-event&quot;, line 7, in &lt;module&gt;
    for event in yaml.parse(sys.stdin.read()):
  File &quot;/python/lib/python3.7/site-packages/yaml/__init__.py&quot;, line 75, in parse
    while loader.check_event():
  File &quot;/python/lib/python3.7/site-packages/yaml/parser.py&quot;, line 98, in check_event
    self.current_event = self.state()
  File &quot;/python/lib/python3.7/site-packages/yaml/parser.py&quot;, line 562, in parse_flow_mapping_key
    return self.parse_flow_node()
  File &quot;/python/lib/python3.7/site-packages/yaml/parser.py&quot;, line 268, in parse_flow_node
    return self.parse_node()
  File &quot;/python/lib/python3.7/site-packages/yaml/parser.py&quot;, line 371, in parse_node
    token.start_mark)
yaml.parser.ParserError: while parsing a flow node
expected the node content, but found &#39;:&#39;
  in &quot;&lt;unicode string&gt;&quot;, line 5, column 1:
    : omitted key,
    ^
</pre>
 </div>


  <div class="framework framework_box_ni" id="py-pyyaml-py">
<h3><a href="#py-pyyaml-py">py-pyyaml-py</a></h3>
<span class="status_box color_ni">&nbsp;</span>ni <pre>Traceback (most recent call last):
  File &quot;/yaml/bin/py-pyyaml-py&quot;, line 36, in &lt;module&gt;
    for doc in yaml.load_all(sys.stdin.read(), Loader=yaml.FullLoader):
  File &quot;/python/lib/python3.7/site-packages/yaml/__init__.py&quot;, line 130, in load_all
    yield loader.get_data()
  File &quot;/python/lib/python3.7/site-packages/yaml/constructor.py&quot;, line 45, in get_data
    return self.construct_document(self.get_node())
  File &quot;/python/lib/python3.7/site-packages/yaml/composer.py&quot;, line 27, in get_node
    return self.compose_document()
  File &quot;/python/lib/python3.7/site-packages/yaml/composer.py&quot;, line 55, in compose_document
    node = self.compose_node(None, None)
  File &quot;/python/lib/python3.7/site-packages/yaml/composer.py&quot;, line 84, in compose_node
    node = self.compose_mapping_node(anchor)
  File &quot;/python/lib/python3.7/site-packages/yaml/composer.py&quot;, line 127, in compose_mapping_node
    while not self.check_event(MappingEndEvent):
  File &quot;/python/lib/python3.7/site-packages/yaml/parser.py&quot;, line 98, in check_event
    self.current_event = self.state()
  File &quot;/python/lib/python3.7/site-packages/yaml/parser.py&quot;, line 562, in parse_flow_mapping_key
    return self.parse_flow_node()
  File &quot;/python/lib/python3.7/site-packages/yaml/parser.py&quot;, line 268, in parse_flow_node
    return self.parse_node()
  File &quot;/python/lib/python3.7/site-packages/yaml/parser.py&quot;, line 371, in parse_node
    token.start_mark)
yaml.parser.ParserError: while parsing a flow node
expected the node content, but found &#39;:&#39;
  in &quot;&lt;unicode string&gt;&quot;, line 5, column 1:
    : omitted key,
    ^
</pre>
 </div>


 <hr style="clear: both;">        </body>
</html>

