<!DOCTYPE html>
<html lang="en">
<head>
<title>#G9HC - Invalid anchor in zero indented sequence - YAML Test Matrix</title>
<meta charset='utf-8'>
<link rel="stylesheet" type="text/css" href="../css/yaml.css">
<link rel="stylesheet" type="text/css" href="../css/matrix.css">
<link rel="icon" type="image/x-icon" href="http://www.yaml.io/favicon.ico">
</head>
<body>

<h1><a href="../index.html"><tt># YAML Test Matrix</tt></a></h1>
<h2><tt>--- <a
href="https://github.com/yaml/yaml-test-suite/blob/master/test/G9HC.tml">&test-G9HC</a><br>
&nbsp;&nbsp;Title: Invalid anchor in zero indented sequence</br>
&nbsp;&nbsp;Tags: [ anchor, error, sequence ]</tt></h2>

<div class="framework" id="yaml"><h3><a href="#yaml">YAML</a></h3><pre>---
seq:
&amp;anchor
- a
- b
</pre></div>
<div class="framework" id="events"><h3><a href="#events">Expected Events</a></h3><pre>+STR
+DOC ---
+MAP
=VAL :seq
</pre></div>
<div class="framework" id="json"><h3><a href="#json">Expected JSON</a></h3>
<pre></pre>
</div>
<hr style="clear: both;">
   <div class="framework framework_box_invalid_incorrect" id="cpp-yamlcpp-event">
<h3><a href="#cpp-yamlcpp-event">cpp-yamlcpp-event</a></h3>
<span class="status_box color_invalid_incorrect">&nbsp;</span>invalid_incorrect <pre>+STR
+DOC
+MAP
=VAL :seq
+SEQ &amp;1
=VAL :a
=VAL :b
-SEQ
-MAP
-DOC
-STR
</pre>
 </div>


  <div class="framework framework_box_invalid_incorrect" id="nim-nimyaml-event">
<h3><a href="#nim-nimyaml-event">nim-nimyaml-event</a></h3>
<span class="status_box color_invalid_incorrect">&nbsp;</span>invalid_incorrect <pre>+STR
+DOC ---
+MAP
=VAL :seq
=VAL :
+SEQ &amp;anchor
=VAL :a
=VAL :b
-SEQ
=VAL :
-MAP
-DOC
-STR
</pre>
 </div>


 <hr style="clear: both;">    <div class="framework framework_box_invalid_correct" id="c-libfyaml-event">
<h3><a href="#c-libfyaml-event">c-libfyaml-event</a></h3>
<span class="status_box color_invalid_correct">&nbsp;</span>invalid_correct <pre>stdin:3:2: error: invalid anchor indent for sequence
&amp;anchor
 ^~~~~~
+STR
+DOC ---
+MAP
=VAL :seq
</pre>
 </div>


  <div class="framework framework_box_invalid_correct" id="c-libfyaml-json">
<h3><a href="#c-libfyaml-json">c-libfyaml-json</a></h3>
<span class="status_box color_invalid_correct">&nbsp;</span>invalid_correct <pre>stdin:3:2: error: invalid anchor indent for sequence
&amp;anchor
 ^~~~~~
</pre>
 </div>


  <div class="framework framework_box_invalid_correct" id="c-libyaml-event">
<h3><a href="#c-libyaml-event">c-libyaml-event</a></h3>
<span class="status_box color_invalid_correct">&nbsp;</span>invalid_correct <pre>Parse error: could not find expected &#39;:&#39;
+STR
+DOC ---
+MAP
=VAL :seq
</pre>
 </div>


  <div class="framework framework_box_invalid_correct" id="dotnet-yamldotnet-event">
<h3><a href="#dotnet-yamldotnet-event">dotnet-yamldotnet-event</a></h3>
<span class="status_box color_invalid_correct">&nbsp;</span>invalid_correct <pre>Unhandled exception. YamlDotNet.Core.SyntaxErrorException: (Line: 4, Col: 1, Idx: 17) - (Line: 4, Col: 1, Idx: 17): While scanning a simple key, could not find expected &#39;:&#39;.
   at YamlDotNet.Core.Scanner.StaleSimpleKeys()
   at YamlDotNet.Core.Scanner.FetchNextToken()
   at YamlDotNet.Core.Scanner.FetchMoreTokens()
   at YamlDotNet.Core.Scanner.MoveNextWithoutConsuming()
   at YamlDotNet.Core.Parser.GetCurrentToken()
   at YamlDotNet.Core.Parser.ParseBlockMappingValue()
   at YamlDotNet.Core.Parser.StateMachine()
   at YamlDotNet.Core.Parser.MoveNext()
   at Program.ConvertToLibYamlStyleAnnotatedEventStream(TextReader textReader, TextWriter textWriter)
   at Program.Main(String[] commandLineArguments)
Aborted (core dumped)
+STR
+DOC ---
+MAP
=VAL :seq
</pre>
 </div>


  <div class="framework framework_box_invalid_correct" id="dotnet-yamldotnet-json">
<h3><a href="#dotnet-yamldotnet-json">dotnet-yamldotnet-json</a></h3>
<span class="status_box color_invalid_correct">&nbsp;</span>invalid_correct <pre>Unhandled exception. YamlDotNet.Core.SyntaxErrorException: (Line: 4, Col: 1, Idx: 17) - (Line: 4, Col: 1, Idx: 17): While scanning a simple key, could not find expected &#39;:&#39;.
   at YamlDotNet.Core.Scanner.StaleSimpleKeys()
   at YamlDotNet.Core.Scanner.FetchNextToken()
   at YamlDotNet.Core.Scanner.FetchMoreTokens()
   at YamlDotNet.Core.Scanner.MoveNextWithoutConsuming()
   at YamlDotNet.Core.Parser.GetCurrentToken()
   at YamlDotNet.Core.Parser.ParseBlockMappingValue()
   at YamlDotNet.Core.Parser.StateMachine()
   at YamlDotNet.Core.Parser.MoveNext()
   at YamlDotNet.Core.ParserExtensions.Allow[T](IParser parser)
   at YamlDotNet.Serialization.NodeDeserializers.ScalarNodeDeserializer.YamlDotNet.Serialization.INodeDeserializer.Deserialize(IParser parser, Type expectedType, Func`3 nestedObjectDeserializer, Object&amp; value)
   at YamlDotNet.Serialization.ValueDeserializers.NodeValueDeserializer.DeserializeValue(IParser parser, Type expectedType, SerializerState state, IValueDeserializer nestedObjectDeserializer)
   at YamlDotNet.Serialization.ValueDeserializers.AliasValueDeserializer.DeserializeValue(IParser parser, Type expectedType, SerializerState state, IValueDeserializer nestedObjectDeserializer)
   at YamlDotNet.Serialization.ValueDeserializers.NodeValueDeserializer.&lt;&gt;c__DisplayClass3_0.&lt;DeserializeValue&gt;b__0(IParser r, Type t)
   at YamlDotNet.Serialization.NodeDeserializers.DictionaryNodeDeserializer.DeserializeHelper(Type tKey, Type tValue, IParser parser, Func`3 nestedObjectDeserializer, IDictionary result)
   at YamlDotNet.Serialization.NodeDeserializers.DictionaryNodeDeserializer.YamlDotNet.Serialization.INodeDeserializer.Deserialize(IParser parser, Type expectedType, Func`3 nestedObjectDeserializer, Object&amp; value)
   at YamlDotNet.Serialization.ValueDeserializers.NodeValueDeserializer.DeserializeValue(IParser parser, Type expectedType, SerializerState state, IValueDeserializer nestedObjectDeserializer)
   at YamlDotNet.Serialization.ValueDeserializers.AliasValueDeserializer.DeserializeValue(IParser parser, Type expectedType, SerializerState state, IValueDeserializer nestedObjectDeserializer)
   at YamlDotNet.Serialization.Deserializer.Deserialize(IParser parser, Type type)
   at YamlDotNet.Serialization.Deserializer.Deserialize(TextReader input, Type type)
   at YamlDotNet.Serialization.Deserializer.Deserialize(TextReader input)
   at Program.Main(String[] commandLineArguments)
Aborted (core dumped)
</pre>
 </div>


  <div class="framework framework_box_invalid_correct" id="hs-hsyaml-event">
<h3><a href="#hs-hsyaml-event">hs-hsyaml-event</a></h3>
<span class="status_box color_invalid_correct">&nbsp;</span>invalid_correct <pre>Parsing error near byte offset Pos {posByteOffset = 9, posCharOffset = 9, posLine = 3, posColumn = 0} (Unexpected &#39;&amp;&#39;)
+STR
+DOC ---
+MAP
=VAL :seq
=VAL :
-MAP
-DOC
</pre>
 </div>


  <div class="framework framework_box_invalid_correct" id="hs-hsyaml-json">
<h3><a href="#hs-hsyaml-json">hs-hsyaml-json</a></h3>
<span class="status_box color_invalid_correct">&nbsp;</span>invalid_correct <pre>hsyaml-parser: user error (Unexpected &#39;&amp;&#39;)
</pre>
 </div>


  <div class="framework framework_box_invalid_correct" id="java-snakeyaml-event">
<h3><a href="#java-snakeyaml-event">java-snakeyaml-event</a></h3>
<span class="status_box color_invalid_correct">&nbsp;</span>invalid_correct <pre>Exception in thread &quot;main&quot; while scanning a simple key
 in &#39;reader&#39;, line 3, column 1:
    &amp;anchor
    ^
could not find expected &#39;:&#39;
 in &#39;reader&#39;, line 4, column 1:
    - a
    ^

	at org.yaml.snakeyaml.scanner.ScannerImpl.stalePossibleSimpleKeys(ScannerImpl.java:464)
	at org.yaml.snakeyaml.scanner.ScannerImpl.fetchMoreTokens(ScannerImpl.java:289)
	at org.yaml.snakeyaml.scanner.ScannerImpl.checkToken(ScannerImpl.java:227)
	at org.yaml.snakeyaml.parser.ParserImpl$ParseBlockMappingValue.produce(ParserImpl.java:586)
	at org.yaml.snakeyaml.parser.ParserImpl.peekEvent(ParserImpl.java:158)
	at org.yaml.snakeyaml.Yaml$3.hasNext(Yaml.java:654)
	at org.yaml.editor.Snake2Events.yamlToEvents(Snake2Events.java:111)
	at org.yaml.editor.Snake2Events.main(Snake2Events.java:119)
</pre>
 </div>


  <div class="framework framework_box_invalid_correct" id="java-snakeyaml-json">
<h3><a href="#java-snakeyaml-json">java-snakeyaml-json</a></h3>
<span class="status_box color_invalid_correct">&nbsp;</span>invalid_correct <pre>Exception in thread &quot;main&quot; while scanning a simple key
 in &#39;reader&#39;, line 3, column 1:
    &amp;anchor
    ^
could not find expected &#39;:&#39;
 in &#39;reader&#39;, line 4, column 1:
    - a
    ^

	at org.yaml.snakeyaml.scanner.ScannerImpl.stalePossibleSimpleKeys(ScannerImpl.java:464)
	at org.yaml.snakeyaml.scanner.ScannerImpl.fetchMoreTokens(ScannerImpl.java:289)
	at org.yaml.snakeyaml.scanner.ScannerImpl.checkToken(ScannerImpl.java:227)
	at org.yaml.snakeyaml.parser.ParserImpl$ParseBlockMappingValue.produce(ParserImpl.java:586)
	at org.yaml.snakeyaml.parser.ParserImpl.peekEvent(ParserImpl.java:158)
	at org.yaml.snakeyaml.parser.ParserImpl.checkEvent(ParserImpl.java:148)
	at org.yaml.snakeyaml.composer.Composer.composeNode(Composer.java:136)
	at org.yaml.snakeyaml.composer.Composer.composeValueNode(Composer.java:257)
	at org.yaml.snakeyaml.composer.Composer.composeMappingChildren(Composer.java:248)
	at org.yaml.snakeyaml.composer.Composer.composeMappingNode(Composer.java:236)
	at org.yaml.snakeyaml.composer.Composer.composeNode(Composer.java:162)
	at org.yaml.snakeyaml.composer.Composer.getNode(Composer.java:95)
	at org.yaml.snakeyaml.constructor.BaseConstructor.getData(BaseConstructor.java:134)
	at org.yaml.snakeyaml.Yaml$1.next(Yaml.java:494)
	at org.yaml.editor.Snake2Json.yamlToJson(Snake2Json.java:18)
	at org.yaml.editor.Snake2Json.main(Snake2Json.java:25)
</pre>
 </div>


  <div class="framework framework_box_invalid_correct" id="js-jsyaml-json">
<h3><a href="#js-jsyaml-json">js-jsyaml-json</a></h3>
<span class="status_box color_invalid_correct">&nbsp;</span>invalid_correct <pre>
/node/node_modules/js-yaml/lib/js-yaml/loader.js:173
  throw generateError(state, message);
  ^
YAMLException: can not read a block mapping entry; a multiline key may not be an implicit key at line 4, column 1:
    - a
    ^
    at generateError (/node/node_modules/js-yaml/lib/js-yaml/loader.js:167:10)
    at throwError (/node/node_modules/js-yaml/lib/js-yaml/loader.js:173:9)
    at readBlockMapping (/node/node_modules/js-yaml/lib/js-yaml/loader.js:1073:9)
    at composeNode (/node/node_modules/js-yaml/lib/js-yaml/loader.js:1359:12)
    at readDocument (/node/node_modules/js-yaml/lib/js-yaml/loader.js:1519:3)
    at loadDocuments (/node/node_modules/js-yaml/lib/js-yaml/loader.js:1575:5)
    at Object.loadAll (/node/node_modules/js-yaml/lib/js-yaml/loader.js:1583:19)
    at Object.&lt;anonymous&gt; (/yaml/bin/js-jsyaml-json:7:13)
    at Module._compile (internal/modules/cjs/loader.js:778:30)
    at Object.Module._extensions..js (internal/modules/cjs/loader.js:789:10)
</pre>
 </div>


  <div class="framework framework_box_invalid_correct" id="js-yaml-event">
<h3><a href="#js-yaml-event">js-yaml-event</a></h3>
<span class="status_box color_invalid_correct">&nbsp;</span>invalid_correct <pre>A collection cannot be both a mapping and a sequence
+STR
+DOC ---
</pre>
 </div>


  <div class="framework framework_box_invalid_correct" id="js-yaml-json">
<h3><a href="#js-yaml-json">js-yaml-json</a></h3>
<span class="status_box color_invalid_correct">&nbsp;</span>invalid_correct <pre>/yaml/bin/js-yaml-json:8
  if (doc.errors.length !== 0) throw doc.errors[0]
                               ^

YAMLSyntaxError: A collection cannot be both a mapping and a sequence
    at Collection.parse (/node/node_modules/yaml/dist/parse-cst.js:346:24)
    at ParseContext.PlainValue._defineProperty (/node/node_modules/yaml/dist/parse-cst.js:1605:29)
    at Document.parseContents (/node/node_modules/yaml/dist/parse-cst.js:622:26)
    at Document.parse (/node/node_modules/yaml/dist/parse-cst.js:685:19)
    at Object.parse (/node/node_modules/yaml/dist/parse-cst.js:1723:18)
    at Object.parseAllDocuments (/node/node_modules/yaml/dist/index.js:32:33)
    at Object.&lt;anonymous&gt; (/yaml/bin/js-yaml-json:7:19)
    at Module._compile (internal/modules/cjs/loader.js:778:30)
    at Object.Module._extensions..js (internal/modules/cjs/loader.js:789:10)
    at Module.load (internal/modules/cjs/loader.js:653:32)
</pre>
 </div>


  <div class="framework framework_box_invalid_correct" id="lua-lyaml-json">
<h3><a href="#lua-lyaml-json">lua-lyaml-json</a></h3>
<span class="status_box color_invalid_correct">&nbsp;</span>invalid_correct <pre>luajit: 2:1: could not find expected &#39;:&#39;
stack traceback:
	[C]: in function &#39;error&#39;
	/usr/local/share/lua/5.1/lyaml/init.lua:291: in function &#39;error&#39;
	/usr/local/share/lua/5.1/lyaml/init.lua:310: in function &#39;parse&#39;
	/usr/local/share/lua/5.1/lyaml/init.lua:428: in function &#39;load_node&#39;
	/usr/local/share/lua/5.1/lyaml/init.lua:363: in function &#39;load_node&#39;
	/usr/local/share/lua/5.1/lyaml/init.lua:482: in function &#39;load&#39;
	/yaml/bin/lua-lyaml-json:6: in main chunk
	[C]: at 0x55f1c716bf97
</pre>
 </div>


  <div class="framework framework_box_invalid_correct" id="perl-pp-event">
<h3><a href="#perl-pp-event">perl-pp-event</a></h3>
<span class="status_box color_invalid_correct">&nbsp;</span>invalid_correct <pre>Line      : 3
Column    : 8
Expected  : WS
Got       : EOL
Where     : /perl5/lib/perl5/YAML/PP/Parser.pm line 386
YAML      : &quot;&quot;
  at /yaml/bin/perl-pp-event line 25.
+STR
+DOC ---
+MAP
=VAL :seq
=VAL :
</pre>
 </div>


  <div class="framework framework_box_invalid_correct" id="perl-pp-json">
<h3><a href="#perl-pp-json">perl-pp-json</a></h3>
<span class="status_box color_invalid_correct">&nbsp;</span>invalid_correct <pre>Line      : 3
Column    : 8
Expected  : WS
Got       : EOL
Where     : /perl5/lib/perl5/YAML/PP/Parser.pm line 386
YAML      : &quot;&quot;
  at /perl5/lib/perl5/YAML/PP/Loader.pm line 92.
</pre>
 </div>


  <div class="framework framework_box_invalid_correct" id="perl-pp-perl">
<h3><a href="#perl-pp-perl">perl-pp-perl</a></h3>
<span class="status_box color_invalid_correct">&nbsp;</span>invalid_correct <pre>Line      : 3
Column    : 8
Expected  : WS
Got       : EOL
Where     : /perl5/lib/perl5/YAML/PP/Parser.pm line 386
YAML      : &quot;&quot;
  at /perl5/lib/perl5/YAML/PP/Loader.pm line 92.
</pre>
 </div>


  <div class="framework framework_box_invalid_correct" id="perl-pplibyaml-event">
<h3><a href="#perl-pplibyaml-event">perl-pplibyaml-event</a></h3>
<span class="status_box color_invalid_correct">&nbsp;</span>invalid_correct <pre>YAML::PP::LibYAML Error: The problem:

    could not find expected &#39;:&#39;

was found at , line: 4, column: 1
while scanning a simple key at line: 3, column: 1
</pre>
 </div>


  <div class="framework framework_box_invalid_correct" id="perl-pplibyaml-json">
<h3><a href="#perl-pplibyaml-json">perl-pplibyaml-json</a></h3>
<span class="status_box color_invalid_correct">&nbsp;</span>invalid_correct <pre>YAML::PP::LibYAML Error: The problem:

    could not find expected &#39;:&#39;

was found at , line: 4, column: 1
while scanning a simple key at line: 3, column: 1
</pre>
 </div>


  <div class="framework framework_box_invalid_correct" id="perl-pplibyaml-perl">
<h3><a href="#perl-pplibyaml-perl">perl-pplibyaml-perl</a></h3>
<span class="status_box color_invalid_correct">&nbsp;</span>invalid_correct <pre>YAML::PP::LibYAML Error: The problem:

    could not find expected &#39;:&#39;

was found at , line: 4, column: 1
while scanning a simple key at line: 3, column: 1
</pre>
 </div>


  <div class="framework framework_box_invalid_correct" id="perl-syck-json">
<h3><a href="#perl-syck-json">perl-syck-json</a></h3>
<span class="status_box color_invalid_correct">&nbsp;</span>invalid_correct <pre>Syck parser (line 4, column 0): syntax error at /perl5/lib/perl5/x86_64-linux-thread-multi/YAML/Syck.pm line 60, &lt;&gt; line 1.
</pre>
 </div>


  <div class="framework framework_box_invalid_correct" id="perl-syck-perl">
<h3><a href="#perl-syck-perl">perl-syck-perl</a></h3>
<span class="status_box color_invalid_correct">&nbsp;</span>invalid_correct <pre>Syck parser (line 4, column 0): syntax error at /perl5/lib/perl5/x86_64-linux-thread-multi/YAML/Syck.pm line 60, &lt;&gt; line 1.
</pre>
 </div>


  <div class="framework framework_box_invalid_correct" id="perl-tiny-json">
<h3><a href="#perl-tiny-json">perl-tiny-json</a></h3>
<span class="status_box color_invalid_correct">&nbsp;</span>invalid_correct <pre>YAML::Tiny failed to classify line &#39;&amp;anchor&#39; at /yaml/bin/perl-tiny-json line 12.
</pre>
 </div>


  <div class="framework framework_box_invalid_correct" id="perl-tiny-perl">
<h3><a href="#perl-tiny-perl">perl-tiny-perl</a></h3>
<span class="status_box color_invalid_correct">&nbsp;</span>invalid_correct <pre>YAML::Tiny failed to classify line &#39;&amp;anchor&#39; at /yaml/bin/perl-tiny-perl line 15.
</pre>
 </div>


  <div class="framework framework_box_invalid_correct" id="perl-xs-json">
<h3><a href="#perl-xs-json">perl-xs-json</a></h3>
<span class="status_box color_invalid_correct">&nbsp;</span>invalid_correct <pre>YAML::XS::Load Error: The problem:

    could not find expected &#39;:&#39;

was found at document: 1, line: 4, column: 1
while scanning a simple key at line: 3, column: 1
</pre>
 </div>


  <div class="framework framework_box_invalid_correct" id="perl-xs-perl">
<h3><a href="#perl-xs-perl">perl-xs-perl</a></h3>
<span class="status_box color_invalid_correct">&nbsp;</span>invalid_correct <pre>YAML::XS::Load Error: The problem:

    could not find expected &#39;:&#39;

was found at document: 1, line: 4, column: 1
while scanning a simple key at line: 3, column: 1
</pre>
 </div>


  <div class="framework framework_box_invalid_correct" id="perl-yaml-json">
<h3><a href="#perl-yaml-json">perl-yaml-json</a></h3>
<span class="status_box color_invalid_correct">&nbsp;</span>invalid_correct <pre>YAML Error: Invalid element in map
   Code: YAML_LOAD_ERR_BAD_MAP_ELEMENT
   Line: 3
   Document: 1
 at /perl5/lib/perl5/YAML/Loader.pm line 360.
</pre>
 </div>


  <div class="framework framework_box_invalid_correct" id="perl-yaml-perl">
<h3><a href="#perl-yaml-perl">perl-yaml-perl</a></h3>
<span class="status_box color_invalid_correct">&nbsp;</span>invalid_correct <pre>YAML Error: Invalid element in map
   Code: YAML_LOAD_ERR_BAD_MAP_ELEMENT
   Line: 3
   Document: 1
 at /perl5/lib/perl5/YAML/Loader.pm line 360.
</pre>
 </div>


  <div class="framework framework_box_invalid_correct" id="py-pyyaml-event">
<h3><a href="#py-pyyaml-event">py-pyyaml-event</a></h3>
<span class="status_box color_invalid_correct">&nbsp;</span>invalid_correct <pre>Traceback (most recent call last):
  File &quot;/yaml/bin/py-pyyaml-event&quot;, line 7, in &lt;module&gt;
    for event in yaml.parse(sys.stdin.read()):
  File &quot;/python/lib/python3.7/site-packages/yaml/__init__.py&quot;, line 75, in parse
    while loader.check_event():
  File &quot;/python/lib/python3.7/site-packages/yaml/parser.py&quot;, line 98, in check_event
    self.current_event = self.state()
  File &quot;/python/lib/python3.7/site-packages/yaml/parser.py&quot;, line 449, in parse_block_mapping_value
    if not self.check_token(KeyToken, ValueToken, BlockEndToken):
  File &quot;/python/lib/python3.7/site-packages/yaml/scanner.py&quot;, line 116, in check_token
    self.fetch_more_tokens()
  File &quot;/python/lib/python3.7/site-packages/yaml/scanner.py&quot;, line 162, in fetch_more_tokens
    self.stale_possible_simple_keys()
  File &quot;/python/lib/python3.7/site-packages/yaml/scanner.py&quot;, line 292, in stale_possible_simple_keys
    &quot;could not find expected &#39;:&#39;&quot;, self.get_mark())
yaml.scanner.ScannerError: while scanning a simple key
  in &quot;&lt;unicode string&gt;&quot;, line 3, column 1:
    &amp;anchor
    ^
could not find expected &#39;:&#39;
  in &quot;&lt;unicode string&gt;&quot;, line 4, column 1:
    - a
    ^
+STR
+DOC ---
+MAP
=VAL :seq
</pre>
 </div>


  <div class="framework framework_box_invalid_correct" id="py-pyyaml-json">
<h3><a href="#py-pyyaml-json">py-pyyaml-json</a></h3>
<span class="status_box color_invalid_correct">&nbsp;</span>invalid_correct <pre>Traceback (most recent call last):
  File &quot;/yaml/bin/py-pyyaml-json&quot;, line 19, in &lt;module&gt;
    for doc in yaml.load_all(sys.stdin.read(), Loader=yaml.FullLoader):
  File &quot;/python/lib/python3.7/site-packages/yaml/__init__.py&quot;, line 130, in load_all
    yield loader.get_data()
  File &quot;/python/lib/python3.7/site-packages/yaml/constructor.py&quot;, line 45, in get_data
    return self.construct_document(self.get_node())
  File &quot;/python/lib/python3.7/site-packages/yaml/composer.py&quot;, line 27, in get_node
    return self.compose_document()
  File &quot;/python/lib/python3.7/site-packages/yaml/composer.py&quot;, line 55, in compose_document
    node = self.compose_node(None, None)
  File &quot;/python/lib/python3.7/site-packages/yaml/composer.py&quot;, line 84, in compose_node
    node = self.compose_mapping_node(anchor)
  File &quot;/python/lib/python3.7/site-packages/yaml/composer.py&quot;, line 133, in compose_mapping_node
    item_value = self.compose_node(node, item_key)
  File &quot;/python/lib/python3.7/site-packages/yaml/composer.py&quot;, line 64, in compose_node
    if self.check_event(AliasEvent):
  File &quot;/python/lib/python3.7/site-packages/yaml/parser.py&quot;, line 98, in check_event
    self.current_event = self.state()
  File &quot;/python/lib/python3.7/site-packages/yaml/parser.py&quot;, line 449, in parse_block_mapping_value
    if not self.check_token(KeyToken, ValueToken, BlockEndToken):
  File &quot;/python/lib/python3.7/site-packages/yaml/scanner.py&quot;, line 116, in check_token
    self.fetch_more_tokens()
  File &quot;/python/lib/python3.7/site-packages/yaml/scanner.py&quot;, line 162, in fetch_more_tokens
    self.stale_possible_simple_keys()
  File &quot;/python/lib/python3.7/site-packages/yaml/scanner.py&quot;, line 292, in stale_possible_simple_keys
    &quot;could not find expected &#39;:&#39;&quot;, self.get_mark())
yaml.scanner.ScannerError: while scanning a simple key
  in &quot;&lt;unicode string&gt;&quot;, line 3, column 1:
    &amp;anchor
    ^
could not find expected &#39;:&#39;
  in &quot;&lt;unicode string&gt;&quot;, line 4, column 1:
    - a
    ^
</pre>
 </div>


  <div class="framework framework_box_invalid_correct" id="py-pyyaml-py">
<h3><a href="#py-pyyaml-py">py-pyyaml-py</a></h3>
<span class="status_box color_invalid_correct">&nbsp;</span>invalid_correct <pre>Traceback (most recent call last):
  File &quot;/yaml/bin/py-pyyaml-py&quot;, line 36, in &lt;module&gt;
    for doc in yaml.load_all(sys.stdin.read(), Loader=yaml.FullLoader):
  File &quot;/python/lib/python3.7/site-packages/yaml/__init__.py&quot;, line 130, in load_all
    yield loader.get_data()
  File &quot;/python/lib/python3.7/site-packages/yaml/constructor.py&quot;, line 45, in get_data
    return self.construct_document(self.get_node())
  File &quot;/python/lib/python3.7/site-packages/yaml/composer.py&quot;, line 27, in get_node
    return self.compose_document()
  File &quot;/python/lib/python3.7/site-packages/yaml/composer.py&quot;, line 55, in compose_document
    node = self.compose_node(None, None)
  File &quot;/python/lib/python3.7/site-packages/yaml/composer.py&quot;, line 84, in compose_node
    node = self.compose_mapping_node(anchor)
  File &quot;/python/lib/python3.7/site-packages/yaml/composer.py&quot;, line 133, in compose_mapping_node
    item_value = self.compose_node(node, item_key)
  File &quot;/python/lib/python3.7/site-packages/yaml/composer.py&quot;, line 64, in compose_node
    if self.check_event(AliasEvent):
  File &quot;/python/lib/python3.7/site-packages/yaml/parser.py&quot;, line 98, in check_event
    self.current_event = self.state()
  File &quot;/python/lib/python3.7/site-packages/yaml/parser.py&quot;, line 449, in parse_block_mapping_value
    if not self.check_token(KeyToken, ValueToken, BlockEndToken):
  File &quot;/python/lib/python3.7/site-packages/yaml/scanner.py&quot;, line 116, in check_token
    self.fetch_more_tokens()
  File &quot;/python/lib/python3.7/site-packages/yaml/scanner.py&quot;, line 162, in fetch_more_tokens
    self.stale_possible_simple_keys()
  File &quot;/python/lib/python3.7/site-packages/yaml/scanner.py&quot;, line 292, in stale_possible_simple_keys
    &quot;could not find expected &#39;:&#39;&quot;, self.get_mark())
yaml.scanner.ScannerError: while scanning a simple key
  in &quot;&lt;unicode string&gt;&quot;, line 3, column 1:
    &amp;anchor
    ^
could not find expected &#39;:&#39;
  in &quot;&lt;unicode string&gt;&quot;, line 4, column 1:
    - a
    ^
</pre>
 </div>


  <div class="framework framework_box_invalid_correct" id="py-ruamel-event">
<h3><a href="#py-ruamel-event">py-ruamel-event</a></h3>
<span class="status_box color_invalid_correct">&nbsp;</span>invalid_correct <pre>Traceback (most recent call last):
  File &quot;/yaml/bin/py-ruamel-event&quot;, line 7, in &lt;module&gt;
    for event in ruamel.yaml.parse(sys.stdin.read()):
  File &quot;/python/lib/python3.7/site-packages/ruamel/yaml/main.py&quot;, line 907, in parse
    while loader._parser.check_event():
  File &quot;/python/lib/python3.7/site-packages/ruamel/yaml/parser.py&quot;, line 140, in check_event
    self.current_event = self.state()
  File &quot;/python/lib/python3.7/site-packages/ruamel/yaml/parser.py&quot;, line 603, in parse_block_mapping_value
    if self.scanner.check_token(ValueToken):
  File &quot;/python/lib/python3.7/site-packages/ruamel/yaml/scanner.py&quot;, line 170, in check_token
    self.fetch_more_tokens()
  File &quot;/python/lib/python3.7/site-packages/ruamel/yaml/scanner.py&quot;, line 222, in fetch_more_tokens
    self.stale_possible_simple_keys()
  File &quot;/python/lib/python3.7/site-packages/ruamel/yaml/scanner.py&quot;, line 359, in stale_possible_simple_keys
    self.reader.get_mark(),
ruamel.yaml.scanner.ScannerError: while scanning a simple key
  in &quot;&lt;unicode string&gt;&quot;, line 3, column 1:
    &amp;anchor
    ^ (line: 3)
could not find expected &#39;:&#39;
  in &quot;&lt;unicode string&gt;&quot;, line 4, column 1:
    - a
    ^ (line: 4)
+STR
+DOC ---
+MAP
=VAL :seq
</pre>
 </div>


  <div class="framework framework_box_invalid_correct" id="py-ruamel-json">
<h3><a href="#py-ruamel-json">py-ruamel-json</a></h3>
<span class="status_box color_invalid_correct">&nbsp;</span>invalid_correct <pre>Traceback (most recent call last):
  File &quot;/yaml/bin/py-ruamel-json&quot;, line 19, in &lt;module&gt;
    for doc in ruamel.yaml.load_all(sys.stdin.read(), Loader=ruamel.yaml.Loader):
  File &quot;/python/lib/python3.7/site-packages/ruamel/yaml/main.py&quot;, line 976, in load_all
    yield loader._constructor.get_data()
  File &quot;/python/lib/python3.7/site-packages/ruamel/yaml/constructor.py&quot;, line 106, in get_data
    return self.construct_document(self.composer.get_node())
  File &quot;/python/lib/python3.7/site-packages/ruamel/yaml/composer.py&quot;, line 68, in get_node
    return self.compose_document()
  File &quot;/python/lib/python3.7/site-packages/ruamel/yaml/composer.py&quot;, line 101, in compose_document
    node = self.compose_node(None, None)
  File &quot;/python/lib/python3.7/site-packages/ruamel/yaml/composer.py&quot;, line 138, in compose_node
    node = self.compose_mapping_node(anchor)
  File &quot;/python/lib/python3.7/site-packages/ruamel/yaml/composer.py&quot;, line 218, in compose_mapping_node
    item_value = self.compose_node(node, item_key)
  File &quot;/python/lib/python3.7/site-packages/ruamel/yaml/composer.py&quot;, line 111, in compose_node
    if self.parser.check_event(AliasEvent):
  File &quot;/python/lib/python3.7/site-packages/ruamel/yaml/parser.py&quot;, line 140, in check_event
    self.current_event = self.state()
  File &quot;/python/lib/python3.7/site-packages/ruamel/yaml/parser.py&quot;, line 603, in parse_block_mapping_value
    if self.scanner.check_token(ValueToken):
  File &quot;/python/lib/python3.7/site-packages/ruamel/yaml/scanner.py&quot;, line 170, in check_token
    self.fetch_more_tokens()
  File &quot;/python/lib/python3.7/site-packages/ruamel/yaml/scanner.py&quot;, line 222, in fetch_more_tokens
    self.stale_possible_simple_keys()
  File &quot;/python/lib/python3.7/site-packages/ruamel/yaml/scanner.py&quot;, line 359, in stale_possible_simple_keys
    self.reader.get_mark(),
ruamel.yaml.scanner.ScannerError: while scanning a simple key
  in &quot;&lt;unicode string&gt;&quot;, line 3, column 1:
    &amp;anchor
    ^ (line: 3)
could not find expected &#39;:&#39;
  in &quot;&lt;unicode string&gt;&quot;, line 4, column 1:
    - a
    ^ (line: 4)
</pre>
 </div>


  <div class="framework framework_box_invalid_correct" id="py-ruamel-py">
<h3><a href="#py-ruamel-py">py-ruamel-py</a></h3>
<span class="status_box color_invalid_correct">&nbsp;</span>invalid_correct <pre>Traceback (most recent call last):
  File &quot;/yaml/bin/py-ruamel-py&quot;, line 36, in &lt;module&gt;
    for doc in ruamel.yaml.load_all(sys.stdin.read(), Loader=ruamel.yaml.Loader):
  File &quot;/python/lib/python3.7/site-packages/ruamel/yaml/main.py&quot;, line 976, in load_all
    yield loader._constructor.get_data()
  File &quot;/python/lib/python3.7/site-packages/ruamel/yaml/constructor.py&quot;, line 106, in get_data
    return self.construct_document(self.composer.get_node())
  File &quot;/python/lib/python3.7/site-packages/ruamel/yaml/composer.py&quot;, line 68, in get_node
    return self.compose_document()
  File &quot;/python/lib/python3.7/site-packages/ruamel/yaml/composer.py&quot;, line 101, in compose_document
    node = self.compose_node(None, None)
  File &quot;/python/lib/python3.7/site-packages/ruamel/yaml/composer.py&quot;, line 138, in compose_node
    node = self.compose_mapping_node(anchor)
  File &quot;/python/lib/python3.7/site-packages/ruamel/yaml/composer.py&quot;, line 218, in compose_mapping_node
    item_value = self.compose_node(node, item_key)
  File &quot;/python/lib/python3.7/site-packages/ruamel/yaml/composer.py&quot;, line 111, in compose_node
    if self.parser.check_event(AliasEvent):
  File &quot;/python/lib/python3.7/site-packages/ruamel/yaml/parser.py&quot;, line 140, in check_event
    self.current_event = self.state()
  File &quot;/python/lib/python3.7/site-packages/ruamel/yaml/parser.py&quot;, line 603, in parse_block_mapping_value
    if self.scanner.check_token(ValueToken):
  File &quot;/python/lib/python3.7/site-packages/ruamel/yaml/scanner.py&quot;, line 170, in check_token
    self.fetch_more_tokens()
  File &quot;/python/lib/python3.7/site-packages/ruamel/yaml/scanner.py&quot;, line 222, in fetch_more_tokens
    self.stale_possible_simple_keys()
  File &quot;/python/lib/python3.7/site-packages/ruamel/yaml/scanner.py&quot;, line 359, in stale_possible_simple_keys
    self.reader.get_mark(),
ruamel.yaml.scanner.ScannerError: while scanning a simple key
  in &quot;&lt;unicode string&gt;&quot;, line 3, column 1:
    &amp;anchor
    ^ (line: 3)
could not find expected &#39;:&#39;
  in &quot;&lt;unicode string&gt;&quot;, line 4, column 1:
    - a
    ^ (line: 4)
</pre>
 </div>


  <div class="framework framework_box_invalid_correct" id="ruby-psych-json">
<h3><a href="#ruby-psych-json">ruby-psych-json</a></h3>
<span class="status_box color_invalid_correct">&nbsp;</span>invalid_correct <pre>/usr/lib/ruby/2.5.0/psych.rb:405:in `parse&#39;: (&lt;unknown&gt;): could not find expected &#39;:&#39; while scanning a simple key at line 3 column 1 (Psych::SyntaxError)
	from /usr/lib/ruby/2.5.0/psych.rb:405:in `parse_stream&#39;
	from /usr/lib/ruby/2.5.0/psych.rb:488:in `load_stream&#39;
	from /yaml/bin/ruby-psych-json:6:in `&lt;main&gt;&#39;
</pre>
 </div>


 <hr style="clear: both;">  </body>
</html>

